[ERROR] 2020-07-22 18:18:29.094 [main] StoreData - this is error: parameter/exception object
[FATAL] 2020-07-22 18:18:29.097 [main] StoreData - this is fatal: parameter/exception object
[DEBUG] 2020-07-22 18:23:21.672 [main] StoreData - this is debug: parameter/exception object
[INFO ] 2020-07-22 18:23:21.676 [main] StoreData - this is info: parameter/exception object
[WARN ] 2020-07-22 18:23:21.677 [main] StoreData - this is warn: parameter/exception object
[ERROR] 2020-07-22 18:23:21.677 [main] StoreData - this is error: parameter/exception object
[FATAL] 2020-07-22 18:23:21.677 [main] StoreData - this is fatal: parameter/exception object
[DEBUG] 2020-07-22 18:23:43.855 [main] StoreData - this is debug: parameter/exception object
[INFO ] 2020-07-22 18:23:43.861 [main] StoreData - this is info: parameter/exception object
[WARN ] 2020-07-22 18:23:43.861 [main] StoreData - this is warn: parameter/exception object
[ERROR] 2020-07-22 18:23:43.861 [main] StoreData - this is error: parameter/exception object
[FATAL] 2020-07-22 18:23:43.862 [main] StoreData - this is fatal: parameter/exception object
[DEBUG] 2020-07-22 18:28:08.780 [main] StoreData - this is debug: parameter/exception object
[INFO ] 2020-07-22 18:28:08.783 [main] StoreData - this is info: parameter/exception object
[WARN ] 2020-07-22 18:28:08.783 [main] StoreData - this is warn: parameter/exception object
[FATAL] 2020-07-22 18:28:08.784 [main] StoreData - this is fatal: parameter/exception object
[DEBUG] 2020-07-22 18:37:41.555 [main] StoreData - this is debug: parameter/exception object
[INFO ] 2020-07-22 18:37:41.558 [main] StoreData - this is info: parameter/exception object
[WARN ] 2020-07-22 18:37:41.558 [main] StoreData - this is warn: parameter/exception object
[FATAL] 2020-07-22 18:37:41.558 [main] StoreData - this is fatal: parameter/exception object
[DEBUG] 2020-07-22 18:40:41.723 [main] StoreData - this is debug: parameter/exception object
[INFO ] 2020-07-22 18:40:41.727 [main] StoreData - this is info: parameter/exception object
[WARN ] 2020-07-22 18:40:41.727 [main] StoreData - this is warn: parameter/exception object
[FATAL] 2020-07-22 18:40:41.727 [main] StoreData - this is fatal: parameter/exception object
[DEBUG] 2020-07-22 18:43:38.273 [main] StoreData - this is debug: parameter/exception object
[INFO ] 2020-07-22 18:43:38.276 [main] StoreData - this is info: parameter/exception object
[WARN ] 2020-07-22 18:43:38.276 [main] StoreData - this is warn: parameter/exception object
[FATAL] 2020-07-22 18:43:38.277 [main] StoreData - this is fatal: parameter/exception object
[DEBUG] 2020-07-22 18:44:35.368 [main] StoreData - this is debug: parameter/exception object
[INFO ] 2020-07-22 18:44:35.371 [main] StoreData - this is info: parameter/exception object
[WARN ] 2020-07-22 18:44:35.372 [main] StoreData - this is warn: parameter/exception object
[FATAL] 2020-07-22 18:44:35.372 [main] StoreData - this is fatal: parameter/exception object
